<?xml version="1.0" encoding="UTF-8"?>
<testsuite xmlns:xsi="http://www.w3.org/2001/XMLSchema-instance" xsi:noNamespaceSchemaLocation="https://maven.apache.org/surefire/maven-surefire-plugin/xsd/surefire-test-report-3.0.xsd" version="3.0" name="TestRunner" time="77.182" tests="1" errors="0" skipped="0" failures="0">
  <properties>
[...]
</properties>
  <testcase name="Add three material variants of a phone cover to cart and validate" classname="CaseKaro Shopping Flow Automation" time="76.294">
    <system-out><![CDATA[
Scenario: Add three material variants of a phone cover to cart and validate                             # src/casekaro.feature:3
Launching native Playwright Firefox browser...
  Given I navigate to the CaseKaro website "https://casekaro.com/"                                      # CaseKaroSteps.navigateToWebsite(java.lang.String)
Navigating directly to phone covers by model page...
Actual page URL after challenge wait: https://casekaro.com/pages/phone-cases-by-model
Actual page title after challenge wait: Phone Cases by Model - Starting ₹69 | CaseKaro – Casekaro
  When I click on "Mobile Covers" from the top navigation menu                                          # CaseKaroSteps.clickOnMobileCovers(java.lang.String)
  And I scroll down to the "Phone cases by model" search box and search for "Apple"                     # CaseKaroSteps.scrollToSearchBoxAndSearch(java.lang.String,java.lang.String)
  Then I verify that non-Apple brands are not visible in the search results                             # CaseKaroSteps.verifyNonAppleBrandsNotVisible()
  When I search for "iPhone 16 Pro" in the phone model search box and wait for autocomplete suggestions # CaseKaroSteps.searchForPhoneModel(java.lang.String)
  And I select specifically "iPhone 16 Pro" from the autocomplete dropdown                              # CaseKaroSteps.selectModelFromDropdown(java.lang.String)
Navigating directly to product URL: https://casekaro.com/products/black-marble-texture-iphone-16-pro-back-cover
Current page URL after navigation: https://casekaro.com/products/black-marble-texture-iphone-16-pro-back-cover
  And I click "Choose Options" on the first product card                                                # CaseKaroSteps.clickChooseOptionsOnFirstProduct(java.lang.String)
  And I add all three material variants "Hard", "Soft", and "Glass" of this case to the cart            # CaseKaroSteps.addThreeMaterialVariantsToCart(java.lang.String,java.lang.String,java.lang.String)
  And I open the cart                                                                                   # CaseKaroSteps.openCart()
  Then I validate that all three items are added in the cart                                            # CaseKaroSteps.validateItemsInCart()

========================================================
            CASEKARO CART PRODUCTS & PRICES
========================================================
Product Item #4:
  - Material Variant: Glass
  - Price:            ₹ 249.00
  - Product Link:     https://casekaro.com/products/black-marble-texture-iphone-16-pro-back-cover?variant=41757888479350
--------------------------------------------------------
Product Item #5:
  - Material Variant: Soft
  - Price:            ₹ 149.00
  - Product Link:     https://casekaro.com/products/black-marble-texture-iphone-16-pro-back-cover?variant=41700532813942
--------------------------------------------------------
Product Item #6:
  - Material Variant: Hard
  - Price:            ₹ 99.00
  - Product Link:     https://casekaro.com/products/black-marble-texture-iphone-16-pro-back-cover?variant=41700532781174
--------------------------------------------------------
========================================================

  And I print the price of all items with details including Material, Price, and Link in the console    # CaseKaroSteps.printItemsDetails()
]]></system-out>
  </testcase>
</testsuite>